生成启动时间为 2016/11/26 13:23:18。
     1>项目“e:\visual studio Projects\subdivision_new\subdivision_new\subdivision_new.vcxproj”在节点 2 上(Build 个目标)。
     1>CustomBuild:
         Moc'ing subdivision_new.h...
         Uic'ing subdivision_new.ui...
         Rcc'ing subdivision_new.qrc...
     1>RCC : warning : No resources in 'e:\visual studio Projects\subdivision_new\subdivision_new\subdivision_new.qrc'.
         
       ClCompile:
         D:\Program Files (x86)\Microsoft Visual Studio 12.0\VC\bin\CL.exe /c /I.\GeneratedFiles /I. /ID:\SDK\Qt\Qt5.5.0\5.5\msvc2013_64\include /I.\GeneratedFiles\Debug /ID:\SDK\Qt\Qt5.5.0\5.5\msvc2013_64\include\QtCore /ID:\SDK\Qt\Qt5.5.0\5.5\msvc2013_64\include\QtGui /ID:\SDK\Qt\Qt5.5.0\5.5\msvc2013_64\include\QtWidgets /Zi /nologo /W1 /WX- /Od /Oy- /D UNICODE /D WIN32 /D WIN64 /D QT_DLL /D QT_CORE_LIB /D QT_GUI_LIB /D QT_WIDGETS_LIB /Gm- /EHsc /MDd /GS /fp:precise /Zc:wchar_t /Zc:forScope /Fo"Debug\\" /Fd"Debug\vc120.pdb" /Gd /TP /analyze- /errorReport:prompt GeneratedFiles\Debug\moc_subdivision_new.cpp main.cpp subdivision_new.cpp
         moc_subdivision_new.cpp
         main.cpp
         subdivision_new.cpp
         正在生成代码...
         D:\Program Files (x86)\Microsoft Visual Studio 12.0\VC\bin\CL.exe /c /I.\GeneratedFiles /I. /ID:\SDK\Qt\Qt5.5.0\5.5\msvc2013_64\include /I.\GeneratedFiles\Debug /ID:\SDK\Qt\Qt5.5.0\5.5\msvc2013_64\include\QtCore /ID:\SDK\Qt\Qt5.5.0\5.5\msvc2013_64\include\QtGui /ID:\SDK\Qt\Qt5.5.0\5.5\msvc2013_64\include\QtWidgets /Zi /nologo /W1 /WX- /Od /Oy- /D UNICODE /D WIN32 /D WIN64 /D QT_DLL /D QT_CORE_LIB /D QT_GUI_LIB /D QT_WIDGETS_LIB /Gm- /EHsc /MDd /GS /fp:precise /Zc:wchar_t /Zc:forScope /Fo"Debug\\" /Fd"Debug\vc120.pdb" /Gd /TP /analyze- /errorReport:prompt GeneratedFiles\qrc_subdivision_new.cpp
         qrc_subdivision_new.cpp
       Link:
         D:\Program Files (x86)\Microsoft Visual Studio 12.0\VC\bin\link.exe /ERRORREPORT:PROMPT /OUT:"e:\visual studio Projects\subdivision_new\Win32\Debug\\subdivision_new.exe" /NOLOGO /LIBPATH:D:\SDK\Qt\Qt5.5.0\5.5\msvc2013_64\lib qtmaind.lib Qt5Cored.lib Qt5Guid.lib Qt5Widgetsd.lib kernel32.lib user32.lib gdi32.lib winspool.lib comdlg32.lib advapi32.lib shell32.lib ole32.lib oleaut32.lib uuid.lib odbc32.lib odbccp32.lib /MANIFEST /MANIFESTUAC:"level='asInvoker' uiAccess='false'" /manifest:embed /DEBUG /PDB:"e:\visual studio Projects\subdivision_new\Win32\Debug\subdivision_new.pdb" /SUBSYSTEM:WINDOWS /TLBID:1 /DYNAMICBASE /NXCOMPAT /IMPLIB:"e:\visual studio Projects\subdivision_new\Win32\Debug\subdivision_new.lib" /MACHINE:X86 /SAFESEH Debug\moc_subdivision_new.obj
         Debug\qrc_subdivision_new.obj
         Debug\main.obj
         Debug\subdivision_new.obj
     1>Qt5Widgetsd.lib(Qt5Widgetsd.dll) : fatal error LNK1112: 模块计算机类型“x64”与目标计算机类型“X86”冲突
     1>已完成生成项目“e:\visual studio Projects\subdivision_new\subdivision_new\subdivision_new.vcxproj”(Build 个目标)的操作 - 失败。

生成失败。

已用时间 00:00:07.00
