生成启动时间为 2016/11/27 14:32:12。
     1>项目“E:\visual studio Projects\subdivision_new\subdivision_new\subdivision_new.vcxproj”在节点 2 上(Build 个目标)。
     1>ClCompile:
         D:\Program Files (x86)\Microsoft Visual Studio 12.0\VC\bin\x86_amd64\CL.exe /c /I.\GeneratedFiles /I. /ID:\SDK\Qt\Qt5.5.0\5.5\msvc2013_64\include /I.\GeneratedFiles\Debug /ID:\SDK\Qt\Qt5.5.0\5.5\msvc2013_64\include\QtCore /ID:\SDK\Qt\Qt5.5.0\5.5\msvc2013_64\include\QtGui /ID:\SDK\Qt\Qt5.5.0\5.5\msvc2013_64\include\QtWidgets /ID:\SDK\Qt\Qt5.5.0\5.5\msvc2013_64\include\QtOpenGL /Zi /nologo /W1 /WX- /Od /D UNICODE /D WIN32 /D WIN64 /D QT_DLL /D QT_CORE_LIB /D QT_GUI_LIB /D QT_WIDGETS_LIB /Gm- /EHsc /MDd /GS /fp:precise /Zc:wchar_t /Zc:forScope /Fo"x64\Debug\\" /Fd"x64\Debug\vc120.pdb" /Gd /TP /errorReport:prompt block.cpp draw_gl.cpp GeneratedFiles\Debug\moc_block.cpp GeneratedFiles\Debug\moc_draw_gl.cpp GeneratedFiles\Debug\moc_subdivision_new.cpp halfEdge.cpp main.cpp subDivision.cpp subdivision_new.cpp
         block.cpp
         draw_gl.cpp
         moc_block.cpp
         moc_draw_gl.cpp
         moc_subdivision_new.cpp
         halfEdge.cpp
         main.cpp
         subDivision.cpp
         subdivision_new.cpp
         正在生成代码...
         D:\Program Files (x86)\Microsoft Visual Studio 12.0\VC\bin\x86_amd64\CL.exe /c /I.\GeneratedFiles /I. /ID:\SDK\Qt\Qt5.5.0\5.5\msvc2013_64\include /I.\GeneratedFiles\Debug /ID:\SDK\Qt\Qt5.5.0\5.5\msvc2013_64\include\QtCore /ID:\SDK\Qt\Qt5.5.0\5.5\msvc2013_64\include\QtGui /ID:\SDK\Qt\Qt5.5.0\5.5\msvc2013_64\include\QtWidgets /ID:\SDK\Qt\Qt5.5.0\5.5\msvc2013_64\include\QtOpenGL /Zi /nologo /W1 /WX- /Od /D UNICODE /D WIN32 /D WIN64 /D QT_DLL /D QT_CORE_LIB /D QT_GUI_LIB /D QT_WIDGETS_LIB /Gm- /EHsc /MDd /GS /fp:precise /Zc:wchar_t /Zc:forScope /Fo"x64\Debug\\" /Fd"x64\Debug\vc120.pdb" /Gd /TP /errorReport:prompt GeneratedFiles\qrc_subdivision_new.cpp
         qrc_subdivision_new.cpp
       Link:
         D:\Program Files (x86)\Microsoft Visual Studio 12.0\VC\bin\x86_amd64\link.exe /ERRORREPORT:PROMPT /OUT:"E:\visual studio Projects\subdivision_new\x64\Debug\\subdivision_new.exe" /NOLOGO /LIBPATH:D:\SDK\Qt\Qt5.5.0\5.5\msvc2013_64\lib qtmaind.lib Qt5Cored.lib Qt5Guid.lib Qt5Widgetsd.lib Qt5Core.lib Qt5Gui.lib Qt5Widgets.lib Qt5OpenGL.lib kernel32.lib user32.lib gdi32.lib winspool.lib comdlg32.lib advapi32.lib shell32.lib ole32.lib oleaut32.lib uuid.lib odbc32.lib odbccp32.lib /MANIFEST /MANIFESTUAC:"level='asInvoker' uiAccess='false'" /manifest:embed /DEBUG /PDB:"E:\visual studio Projects\subdivision_new\x64\Debug\subdivision_new.pdb" /SUBSYSTEM:WINDOWS /TLBID:1 /DYNAMICBASE /NXCOMPAT /IMPLIB:"E:\visual studio Projects\subdivision_new\x64\Debug\subdivision_new.lib" /MACHINE:X64 x64\Debug\block.obj
         x64\Debug\draw_gl.obj
         x64\Debug\moc_block.obj
         x64\Debug\moc_draw_gl.obj
         x64\Debug\moc_subdivision_new.obj
         x64\Debug\qrc_subdivision_new.obj
         x64\Debug\halfEdge.obj
         x64\Debug\main.obj
         x64\Debug\subDivision.obj
         x64\Debug\subdivision_new.obj
         subdivision_new.vcxproj -> E:\visual studio Projects\subdivision_new\x64\Debug\subdivision_new.exe
     1>已完成生成项目“E:\visual studio Projects\subdivision_new\subdivision_new\subdivision_new.vcxproj”(Build 个目标)的操作。

生成成功。

已用时间 00:00:16.67
